2012-08-09T17:14:26-03:00 ERR (3): 
            An error has been encountered, please see the details below:<br><br>
                Link: local.empowered.org/favicon.ico<br>
                Error: <br>
                
2012-08-09T17:14:41-03:00 ERR (3): 
            An error has been encountered, please see the details below:<br><br>
                Link: local.empowered.org/favicon.ico<br>
                Error: <br>
                
2012-08-09T17:17:03-03:00 ERR (3): 
            An error has been encountered, please see the details below:<br><br>
                Link: local.empowered.org/favicon.ico<br>
                Error: <br>
                
2012-08-09T17:17:13-03:00 ERR (3): 
            An error has been encountered, please see the details below:<br><br>
                Link: local.empowered.org/favicon.ico<br>
                Error: <br>
                
2012-08-09T17:17:17-03:00 ERR (3): 
            An error has been encountered, please see the details below:<br><br>
                Link: local.empowered.org/favicon.ico<br>
                Error: <br>
                
2012-08-09T17:17:23-03:00 ERR (3): 
            An error has been encountered, please see the details below:<br><br>
                Link: local.empowered.org/favicon.ico<br>
                Error: <br>
                
2012-08-09T17:17:28-03:00 ERR (3): 
            An error has been encountered, please see the details below:<br><br>
                Link: local.empowered.org/favicon.ico<br>
                Error: <br>
                
2012-08-09T17:28:04-03:00 ERR (3): 
            An error has been encountered, please see the details below:<br><br>
                Link: local.empowered.org/favicon.ico<br>
                Error: <br>
                
2012-08-09T17:28:11-03:00 ERR (3): 
            An error has been encountered, please see the details below:<br><br>
                Link: local.empowered.org/favicon.ico<br>
                Error: <br>
                
2012-08-09T17:28:16-03:00 ERR (3): 
            An error has been encountered, please see the details below:<br><br>
                Link: local.empowered.org/favicon.ico<br>
                Error: <br>
                
2012-08-09T17:28:18-03:00 ERR (3): 
            An error has been encountered, please see the details below:<br><br>
                Link: local.empowered.org/favicon.ico<br>
                Error: <br>
                
2012-08-09T17:28:20-03:00 ERR (3): 
            An error has been encountered, please see the details below:<br><br>
                Link: local.empowered.org/favicon.ico<br>
                Error: <br>
                
2012-08-09T17:28:22-03:00 ERR (3): 
            An error has been encountered, please see the details below:<br><br>
                Link: local.empowered.org/favicon.ico<br>
                Error: <br>
                
2012-08-09T17:28:24-03:00 ERR (3): 
            An error has been encountered, please see the details below:<br><br>
                Link: local.empowered.org/favicon.ico<br>
                Error: <br>
                
2012-08-09T17:29:40-03:00 ERR (3): 
            An error has been encountered, please see the details below:<br><br>
                Link: local.empowered.org/favicon.ico<br>
                Error: <br>
                
2012-08-09T17:29:50-03:00 ERR (3): 
            An error has been encountered, please see the details below:<br><br>
                Link: local.empowered.org/favicon.ico<br>
                Error: <br>
                
2012-08-10T15:08:18-03:00 ERR (3): 
            An error has been encountered, please see the details below:<br><br>
                Link: local.empowered.org/favicon.ico<br>
                Error: <br>
                
2012-08-14T14:19:02-03:00 ERR (3): 
            An error has been encountered, please see the details below:<br><br>
                Link: local.empowered.org/favicon.ico<br>
                Error: <br>
                
2012-08-14T14:44:18-03:00 ERR (3): 
            An error has been encountered, please see the details below:<br><br>
                Link: local.empowered.org/favicon.ico<br>
                Error: <br>
                
2012-08-14T14:47:16-03:00 ERR (3): 
            An error has been encountered, please see the details below:<br><br>
                Link: local.empowered.org/favicon.ico<br>
                Error: <br>
                
2012-08-14T14:47:35-03:00 ERR (3): 
            An error has been encountered, please see the details below:<br><br>
                Link: local.empowered.org/favicon.ico<br>
                Error: <br>
                
2012-08-14T14:47:55-03:00 ERR (3): 
            An error has been encountered, please see the details below:<br><br>
                Link: local.empowered.org/favicon.ico<br>
                Error: <br>
                
2012-08-14T14:48:01-03:00 ERR (3): 
            An error has been encountered, please see the details below:<br><br>
                Link: local.empowered.org/favicon.ico<br>
                Error: <br>
                
2012-08-14T14:48:34-03:00 ERR (3): 
            An error has been encountered, please see the details below:<br><br>
                Link: local.empowered.org/favicon.ico<br>
                Error: <br>
                
2012-08-14T14:48:36-03:00 ERR (3): 
            An error has been encountered, please see the details below:<br><br>
                Link: local.empowered.org/favicon.ico<br>
                Error: <br>
                
2012-08-14T14:48:57-03:00 ERR (3): 
            An error has been encountered, please see the details below:<br><br>
                Link: local.empowered.org/favicon.ico<br>
                Error: <br>
                
2012-08-14T14:48:59-03:00 ERR (3): 
            An error has been encountered, please see the details below:<br><br>
                Link: local.empowered.org/favicon.ico<br>
                Error: <br>
                
2012-08-14T15:08:47-03:00 ERR (3): 
            An error has been encountered, please see the details below:<br><br>
                Link: local.empowered.org/favicon.ico<br>
                Error: <br>
                
2012-08-14T15:08:50-03:00 ERR (3): 
            An error has been encountered, please see the details below:<br><br>
                Link: local.empowered.org/favicon.ico<br>
                Error: <br>
                
2012-08-14T15:28:48-03:00 ERR (3): 
            An error has been encountered, please see the details below:<br><br>
                Link: local.empowered.org/favicon.ico<br>
                Error: <br>
                
2012-08-14T15:28:50-03:00 ERR (3): 
            An error has been encountered, please see the details below:<br><br>
                Link: local.empowered.org/favicon.ico<br>
                Error: <br>
                
2012-08-14T15:48:49-03:00 ERR (3): 
            An error has been encountered, please see the details below:<br><br>
                Link: local.empowered.org/favicon.ico<br>
                Error: <br>
                
2012-08-14T15:48:51-03:00 ERR (3): 
            An error has been encountered, please see the details below:<br><br>
                Link: local.empowered.org/favicon.ico<br>
                Error: <br>
                
2012-08-14T16:08:50-03:00 ERR (3): 
            An error has been encountered, please see the details below:<br><br>
                Link: local.empowered.org/favicon.ico<br>
                Error: <br>
                
2012-08-14T16:08:55-03:00 ERR (3): 
            An error has been encountered, please see the details below:<br><br>
                Link: local.empowered.org/favicon.ico<br>
                Error: <br>
                
2012-08-15T11:10:30-03:00 ERR (3): 
            An error has been encountered, please see the details below:<br><br>
                Link: local.empowered.org/favicon.ico<br>
                Error: <br>
                
2012-08-22T10:32:22-03:00 ERR (3): 
            An error has been encountered, please see the details below:<br><br>
                Link: local.empowered.org/favicon.ico<br>
                Error: <br>
                
2012-08-22T18:03:36-03:00 ERR (3): 
            An error has been encountered, please see the details below:<br><br>
                Link: local.empowered.org/favicon.ico<br>
                Error: <br>
                
2012-08-23T13:06:20-03:00 ERR (3): 
            An error has been encountered, please see the details below:<br><br>
                Link: local.empowered.org/favicon.ico<br>
                Error: <br>
                
2012-08-23T16:14:45-03:00 ERR (3): 
            An error has been encountered, please see the details below:<br><br>
                Link: local.empowered.org/favicon.ico<br>
                Error: <br>
                
2012-08-29T11:17:55-03:00 ERR (3): 
            An error has been encountered, please see the details below:<br><br>
                Link: local.empowered.org/favicon.ico<br>
                Error: <br>
                
2012-08-29T11:17:55-03:00 ERR (3): 
            An error has been encountered, please see the details below:<br><br>
                Link: local.empowered.org/favicon.ico<br>
                Error: <br>
                
2013-07-05T14:31:28-04:00 INFO (6): ExternalController::ffgdeclineAction::1
2013-07-05T14:31:50-04:00 INFO (6): ExternalController::ffgdeclineAction::1
2013-07-05T14:32:07-04:00 INFO (6): ExternalController::ffgdeclineAction::1
2013-07-05T14:32:56-04:00 INFO (6): ExternalController::ffgdeclineAction::Array
(
    [controller] => external
    [action] => ffgdecline
    [module] => default
    [key] => bf1146a53667af9c8f733df6729257ed
    [idffg] => 123456
)

2013-07-05T14:37:05-04:00 INFO (6): ExternalController::ffgdeclineAction::Array
(
    [controller] => external
    [action] => ffgdecline
    [module] => default
    [key] => bf1146a53667af9c8f733df6729257ed
    [idffg] => 123456
)

